2024-10-26 12:22:04,858 INFO o.a.j.u.JMeterUtils: Setting Locale to en_EN
2024-10-26 12:22:04,941 INFO o.a.j.JMeter: Loading user properties from: user.properties
2024-10-26 12:22:04,957 INFO o.a.j.JMeter: Loading system properties from: system.properties
2024-10-26 12:22:05,000 INFO o.a.j.JMeter: Copyright (c) 1998-2023 The Apache Software Foundation
2024-10-26 12:22:05,000 INFO o.a.j.JMeter: Version 5.6.2
2024-10-26 12:22:05,000 INFO o.a.j.JMeter: java.version=1.8.0_231
2024-10-26 12:22:05,000 INFO o.a.j.JMeter: java.vm.name=Java HotSpot(TM) 64-Bit Server VM
2024-10-26 12:22:05,000 INFO o.a.j.JMeter: os.name=Windows 10
2024-10-26 12:22:05,000 INFO o.a.j.JMeter: os.arch=amd64
2024-10-26 12:22:05,000 INFO o.a.j.JMeter: os.version=10.0
2024-10-26 12:22:05,001 INFO o.a.j.JMeter: file.encoding=Cp1252
2024-10-26 12:22:05,001 INFO o.a.j.JMeter: java.awt.headless=null
2024-10-26 12:22:05,001 INFO o.a.j.JMeter: Max memory     =1073741824
2024-10-26 12:22:05,001 INFO o.a.j.JMeter: Available Processors =4
2024-10-26 12:22:05,022 INFO o.a.j.JMeter: Default Locale=English (EN)
2024-10-26 12:22:05,022 INFO o.a.j.JMeter: JMeter  Locale=English (EN)
2024-10-26 12:22:05,022 INFO o.a.j.JMeter: JMeterHome=C:\JMeter\jmeter\apache-jmeter-5.6.2\apache-jmeter-5.6.2
2024-10-26 12:22:05,025 INFO o.a.j.JMeter: user.dir  =C:\JMeter\jmeter\apache-jmeter-5.6.2\apache-jmeter-5.6.2\bin
2024-10-26 12:22:05,026 INFO o.a.j.JMeter: PWD       =C:\JMeter\jmeter\apache-jmeter-5.6.2\apache-jmeter-5.6.2\bin
2024-10-26 12:22:05,121 INFO o.a.j.JMeter: IP: 192.168.1.51 Name: LAPTOP-N94M2B99 FullName: 192.168.1.51
2024-10-26 12:22:05,307 INFO o.a.j.JMeter: Loaded icon properties from org/apache/jmeter/images/icon.properties
2024-10-26 12:22:06,879 INFO o.a.j.JMeterGuiLauncher: Setting LAF to: laf:javax.swing.plaf.metal.MetalLookAndFeel
2024-10-26 12:24:39,416 INFO o.a.j.s.FileServer: Default base='C:\JMeter\jmeter\apache-jmeter-5.6.2\apache-jmeter-5.6.2\bin'
2024-10-26 12:24:39,436 INFO o.a.j.s.FileServer: Set new base='C:\JMeter\jmeter\apache-jmeter-5.6.2\apache-jmeter-5.6.2\bin'
2024-10-26 12:24:40,131 INFO o.a.j.s.SaveService: Testplan (JMX) version: 2.2. Testlog (JTL) version: 2.2
2024-10-26 12:24:40,282 INFO o.a.j.s.SaveService: Using SaveService properties file encoding UTF-8
2024-10-26 12:24:40,287 INFO o.a.j.s.SaveService: Using SaveService properties version 5.0
2024-10-26 12:25:56,300 INFO o.a.j.p.h.s.HTTPSamplerBase: Parser for text/html is org.apache.jmeter.protocol.http.parser.LagartoBasedHtmlParser
2024-10-26 12:25:56,300 INFO o.a.j.p.h.s.HTTPSamplerBase: Parser for application/xhtml+xml is org.apache.jmeter.protocol.http.parser.LagartoBasedHtmlParser
2024-10-26 12:25:56,300 INFO o.a.j.p.h.s.HTTPSamplerBase: Parser for application/xml is org.apache.jmeter.protocol.http.parser.LagartoBasedHtmlParser
2024-10-26 12:25:56,300 INFO o.a.j.p.h.s.HTTPSamplerBase: Parser for text/xml is org.apache.jmeter.protocol.http.parser.LagartoBasedHtmlParser
2024-10-26 12:25:56,300 INFO o.a.j.p.h.s.HTTPSamplerBase: Parser for text/vnd.wap.wml is org.apache.jmeter.protocol.http.parser.RegexpHTMLParser
2024-10-26 12:25:56,300 INFO o.a.j.p.h.s.HTTPSamplerBase: Parser for text/css is org.apache.jmeter.protocol.http.parser.CssParser
